#
# There is insufficient memory for the Java Runtime Environment to continue.
# Native memory allocation (mmap) failed to map 56623104 bytes for G1 virtual space
# Possible reasons:
#   The system is out of physical RAM or swap space
#   The process is running with CompressedOops enabled, and the Java Heap may be blocking the growth of the native heap
# Possible solutions:
#   Reduce memory load on the system
#   Increase physical memory or swap space
#   Check if swap backing store is full
#   Decrease Java heap size (-Xmx/-Xms)
#   Decrease number of Java threads
#   Decrease Java thread stack sizes (-Xss)
#   Set larger code cache with -XX:ReservedCodeCacheSize=
#   JVM is running with Unscaled Compressed Oops mode in which the Java heap is
#     placed in the first 4GB address space. The Java Heap base address is the
#     maximum limit for the native heap growth. Please use -XX:HeapBaseMinAddress
#     to set the Java Heap base and to place the Java Heap above 4GB virtual address.
# This output file may be truncated or incomplete.
#
#  Out of Memory Error (os_windows.cpp:3613), pid=5596, tid=10292
#
# JRE version: OpenJDK Runtime Environment Temurin-17.0.10+7 (17.0.10+7) (build 17.0.10+7)
# Java VM: OpenJDK 64-Bit Server VM Temurin-17.0.10+7 (17.0.10+7, mixed mode, emulated-client, tiered, compressed oops, compressed class ptrs, g1 gc, windows-amd64)
# No core dump will be written. Minidumps are not enabled by default on client versions of Windows
#

---------------  S U M M A R Y ------------

Command Line: -Dcom.sun.management.jmxremote -Dcom.sun.management.jmxremote.port=55094 -Dcom.sun.management.jmxremote.authenticate=false -Dcom.sun.management.jmxremote.ssl=false -Djava.rmi.server.hostname=localhost -Dspring.jmx.enabled=true -Dmanagement.endpoints.jmx.exposure.include=* -Dspring.application.admin.enabled=true -XX:TieredStopAtLevel=1 -Dspring.boot.project.name=workshopmongo -Dfile.encoding=UTF-8 -Dstdout.encoding=UTF-8 -Dstderr.encoding=UTF-8 -XX:+ShowCodeDetailsInExceptionMessages com.heliojunior.workshopmongo.WorkshopmongoApplication --spring.output.ansi.enabled=always

Host: Intel(R) Core(TM) i5-4440 CPU @ 3.10GHz, 4 cores, 7G,  Windows 10 , 64 bit Build 19041 (10.0.19041.3636)
Time: Sat Mar 16 01:04:59 2024 Hora oficial do Brasil elapsed time: 142.727037 seconds (0d 0h 2m 22s)

---------------  T H R E A D  ---------------

Current thread (0x000001cc7fcc5dc0):  VMThread "VM Thread" [stack: 0x00000022f9200000,0x00000022f9300000] [id=10292]

Stack: [0x00000022f9200000,0x00000022f9300000]
Native frames: (J=compiled Java code, j=interpreted, Vv=VM code, C=native code)
V  [jvm.dll+0x67d2c9]
V  [jvm.dll+0x834afa]
V  [jvm.dll+0x8365be]
V  [jvm.dll+0x836c23]
V  [jvm.dll+0x2477ff]
V  [jvm.dll+0x67a109]
V  [jvm.dll+0x66eb7a]
V  [jvm.dll+0x30764b]
V  [jvm.dll+0x30eaf6]
V  [jvm.dll+0x35e83e]
V  [jvm.dll+0x35ea6f]
V  [jvm.dll+0x2de248]
V  [jvm.dll+0x2dc424]
V  [jvm.dll+0x2dba2c]
V  [jvm.dll+0x31faeb]
V  [jvm.dll+0x83b11b]
V  [jvm.dll+0x83be61]
V  [jvm.dll+0x83c37d]
V  [jvm.dll+0x83c754]
V  [jvm.dll+0x83c820]
V  [jvm.dll+0x7e3fba]
V  [jvm.dll+0x67c1b5]
C  [ucrtbase.dll+0x21bb2]
C  [KERNEL32.DLL+0x17344]
C  [ntdll.dll+0x526b1]

VM_Operation (0x00000022fb1fedc0): G1CollectForAllocation, mode: safepoint, requested by thread 0x000001cc114284e0


---------------  P R O C E S S  ---------------

Threads class SMR info:
_java_thread_list=0x000001cc123f5a60, length=36, elements={
0x000001cc7fccaf90, 0x000001cc7fccbfa0, 0x000001cc7fcee2f0, 0x000001cc7fcf1390,
0x000001cc7fcf3080, 0x000001cc7fcf3950, 0x000001cc0c58caa0, 0x000001cc0c58efd0,
0x000001cc7fc64d60, 0x000001cc0c735a20, 0x000001cc112579a0, 0x000001cc11257e80,
0x000001cc11392890, 0x000001cc113f36c0, 0x000001cc113f4330, 0x000001cc114275b0,
0x000001cc11427fd0, 0x000001cc1142a850, 0x000001cc11427ac0, 0x000001cc11429e30,
0x000001cc1142a340, 0x000001cc114284e0, 0x000001cc114289f0, 0x000001cc11428f00,
0x000001cc114270a0, 0x000001cc11429410, 0x000001cc124c1040, 0x000001cc124bba30,
0x000001cc124c1f70, 0x000001cc124c0b30, 0x000001cc124bf6f0, 0x000001cc124bd890,
0x000001cc124c1a60, 0x000001cc124c1550, 0x000001cc124bbf40, 0x000001cc124bb520
}

Java Threads: ( => current thread )
  0x000001cc7fccaf90 JavaThread "Reference Handler" daemon [_thread_blocked, id=8872, stack(0x00000022f9300000,0x00000022f9400000)]
  0x000001cc7fccbfa0 JavaThread "Finalizer" daemon [_thread_blocked, id=11532, stack(0x00000022f9400000,0x00000022f9500000)]
  0x000001cc7fcee2f0 JavaThread "Signal Dispatcher" daemon [_thread_blocked, id=10704, stack(0x00000022f9500000,0x00000022f9600000)]
  0x000001cc7fcf1390 JavaThread "Attach Listener" daemon [_thread_blocked, id=9940, stack(0x00000022f9600000,0x00000022f9700000)]
  0x000001cc7fcf3080 JavaThread "Service Thread" daemon [_thread_blocked, id=10736, stack(0x00000022f9700000,0x00000022f9800000)]
  0x000001cc7fcf3950 JavaThread "Monitor Deflation Thread" daemon [_thread_blocked, id=2088, stack(0x00000022f9800000,0x00000022f9900000)]
  0x000001cc0c58caa0 JavaThread "C1 CompilerThread0" daemon [_thread_blocked, id=2960, stack(0x00000022f9900000,0x00000022f9a00000)]
  0x000001cc0c58efd0 JavaThread "Sweeper thread" daemon [_thread_blocked, id=2528, stack(0x00000022f9a00000,0x00000022f9b00000)]
  0x000001cc7fc64d60 JavaThread "Common-Cleaner" daemon [_thread_blocked, id=1980, stack(0x00000022f9b00000,0x00000022f9c00000)]
  0x000001cc0c735a20 JavaThread "Notification Thread" daemon [_thread_blocked, id=6228, stack(0x00000022f9e00000,0x00000022f9f00000)]
  0x000001cc112579a0 JavaThread "RMI TCP Accept-0" daemon [_thread_in_native, id=5324, stack(0x00000022f9f00000,0x00000022fa000000)]
  0x000001cc11257e80 JavaThread "RMI TCP Accept-55094" daemon [_thread_in_native, id=1520, stack(0x00000022fa000000,0x00000022fa100000)]
  0x000001cc11392890 JavaThread "RMI TCP Accept-0" daemon [_thread_in_native, id=1828, stack(0x00000022fa100000,0x00000022fa200000)]
  0x000001cc113f36c0 JavaThread "RMI Scheduler(0)" daemon [_thread_blocked, id=1072, stack(0x00000022fa400000,0x00000022fa500000)]
  0x000001cc113f4330 JavaThread "RMI TCP Connection(idle)" daemon [_thread_blocked, id=10400, stack(0x00000022fa500000,0x00000022fa600000)]
  0x000001cc114275b0 JavaThread "JMX server connection timeout 21" daemon [_thread_blocked, id=3088, stack(0x00000022fa600000,0x00000022fa700000)]
  0x000001cc11427fd0 JavaThread "Catalina-utility-1" [_thread_blocked, id=6944, stack(0x00000022fac00000,0x00000022fad00000)]
  0x000001cc1142a850 JavaThread "Catalina-utility-2" [_thread_blocked, id=10504, stack(0x00000022fad00000,0x00000022fae00000)]
  0x000001cc11427ac0 JavaThread "container-0" [_thread_blocked, id=2156, stack(0x00000022fae00000,0x00000022faf00000)]
  0x000001cc11429e30 JavaThread "BufferPoolPruner-1-thread-1" daemon [_thread_blocked, id=9028, stack(0x00000022faf00000,0x00000022fb000000)]
  0x000001cc1142a340 JavaThread "cluster-ClusterId{value='65f519de479ac32fd2c9792d', description='null'}-localhost:27017" daemon [_thread_in_native, id=5708, stack(0x00000022fb000000,0x00000022fb100000)]
  0x000001cc114284e0 JavaThread "cluster-rtt-ClusterId{value='65f519de479ac32fd2c9792d', description='null'}-localhost:27017" daemon [_thread_blocked, id=6484, stack(0x00000022fb100000,0x00000022fb200000)]
  0x000001cc114289f0 JavaThread "MaintenanceTimer-2-thread-1" daemon [_thread_blocked, id=10860, stack(0x00000022fb300000,0x00000022fb400000)]
  0x000001cc11428f00 JavaThread "http-nio-8080-exec-1" daemon [_thread_blocked, id=2284, stack(0x00000022fb400000,0x00000022fb500000)]
  0x000001cc114270a0 JavaThread "http-nio-8080-exec-2" daemon [_thread_blocked, id=10820, stack(0x00000022fb500000,0x00000022fb600000)]
  0x000001cc11429410 JavaThread "http-nio-8080-exec-3" daemon [_thread_blocked, id=2712, stack(0x00000022fb600000,0x00000022fb700000)]
  0x000001cc124c1040 JavaThread "http-nio-8080-exec-4" daemon [_thread_blocked, id=11696, stack(0x00000022fb700000,0x00000022fb800000)]
  0x000001cc124bba30 JavaThread "http-nio-8080-exec-5" daemon [_thread_blocked, id=8004, stack(0x00000022fb800000,0x00000022fb900000)]
  0x000001cc124c1f70 JavaThread "http-nio-8080-exec-6" daemon [_thread_blocked, id=9776, stack(0x00000022fb900000,0x00000022fba00000)]
  0x000001cc124c0b30 JavaThread "http-nio-8080-exec-7" daemon [_thread_blocked, id=7176, stack(0x00000022fba00000,0x00000022fbb00000)]
  0x000001cc124bf6f0 JavaThread "http-nio-8080-exec-8" daemon [_thread_blocked, id=10376, stack(0x00000022fbb00000,0x00000022fbc00000)]
  0x000001cc124bd890 JavaThread "http-nio-8080-exec-9" daemon [_thread_blocked, id=9200, stack(0x00000022fbc00000,0x00000022fbd00000)]
  0x000001cc124c1a60 JavaThread "http-nio-8080-exec-10" daemon [_thread_blocked, id=8388, stack(0x00000022fbd00000,0x00000022fbe00000)]
  0x000001cc124c1550 JavaThread "http-nio-8080-Poller" daemon [_thread_in_native, id=7188, stack(0x00000022fbe00000,0x00000022fbf00000)]
  0x000001cc124bbf40 JavaThread "http-nio-8080-Acceptor" daemon [_thread_in_native, id=9004, stack(0x00000022fbf00000,0x00000022fc000000)]
  0x000001cc124bb520 JavaThread "DestroyJavaVM" [_thread_blocked, id=7264, stack(0x00000022f8c00000,0x00000022f8d00000)]

Other Threads:
=>0x000001cc7fcc5dc0 VMThread "VM Thread" [stack: 0x00000022f9200000,0x00000022f9300000] [id=10292]
  0x000001cc7cd38d10 WatcherThread [stack: 0x00000022fa200000,0x00000022fa300000] [id=12284]
  0x000001cc7cd90130 GCTaskThread "GC Thread#0" [stack: 0x00000022f8d00000,0x00000022f8e00000] [id=3276]
  0x000001cc113df360 GCTaskThread "GC Thread#1" [stack: 0x00000022fa700000,0x00000022fa800000] [id=1564]
  0x000001cc11400850 GCTaskThread "GC Thread#2" [stack: 0x00000022fa800000,0x00000022fa900000] [id=5684]
  0x000001cc1149efb0 GCTaskThread "GC Thread#3" [stack: 0x00000022fa900000,0x00000022faa00000] [id=1632]
  0x000001cc7cda1430 ConcurrentGCThread "G1 Main Marker" [stack: 0x00000022f8e00000,0x00000022f8f00000] [id=10612]
  0x000001cc7cda1d60 ConcurrentGCThread "G1 Conc#0" [stack: 0x00000022f8f00000,0x00000022f9000000] [id=9520]
  0x000001cc7cdee310 ConcurrentGCThread "G1 Refine#0" [stack: 0x00000022f9000000,0x00000022f9100000] [id=8548]
  0x000001cc113f7f30 ConcurrentGCThread "G1 Refine#1" [stack: 0x00000022faa00000,0x00000022fab00000] [id=7276]
  0x000001cc114368b0 ConcurrentGCThread "G1 Refine#2" [stack: 0x00000022fab00000,0x00000022fac00000] [id=960]
  0x000001cc7cdeec50 ConcurrentGCThread "G1 Service" [stack: 0x00000022f9100000,0x00000022f9200000] [id=9040]

Threads with active compile tasks:

VM state: at safepoint (normal execution)

VM Mutex/Monitor currently owned by a thread:  ([mutex/lock_event])
[0x000001cc7cd37890] Threads_lock - owner thread: 0x000001cc7fcc5dc0
[0x000001cc7cd37920] Heap_lock - owner thread: 0x000001cc114284e0

Heap address: 0x0000000081800000, size: 2024 MB, Compressed Oops mode: 32-bit

CDS archive(s) not mapped
Compressed class space mapped at: 0x0000000100000000-0x0000000140000000, reserved size: 1073741824
Narrow klass base: 0x0000000000000000, Narrow klass shift: 3, Narrow klass range: 0x140000000

GC Precious Log:
 CPUs: 4 total, 4 available
 Memory: 8088M
 Large Page Support: Disabled
 NUMA Support: Disabled
 Compressed Oops: Enabled (32-bit)
 Heap Region Size: 1M
 Heap Min Capacity: 8M
 Heap Initial Capacity: 128M
 Heap Max Capacity: 2024M
 Pre-touch: Disabled
 Parallel Workers: 4
 Concurrent Workers: 1
 Concurrent Refinement Workers: 4
 Periodic GC: Disabled

Heap:
 garbage-first heap   total 55296K, used 18646K [0x0000000081800000, 0x0000000100000000)
  region size 1024K, 2 young (2048K), 2 survivors (2048K)
 Metaspace       used 43961K, committed 44544K, reserved 1114112K
  class space    used 5742K, committed 6016K, reserved 1048576K

Heap Regions: E=young(eden), S=young(survivor), O=old, HS=humongous(starts), HC=humongous(continues), CS=collection set, F=free, OA=open archive, CA=closed archive, TAMS=top-at-mark-start (previous, next)
|   0|0x0000000081800000, 0x0000000081900000, 0x0000000081900000|100%| O|  |TAMS 0x0000000081900000, 0x0000000081800000| Untracked 
|   1|0x0000000081900000, 0x0000000081a00000, 0x0000000081a00000|100%| O|  |TAMS 0x0000000081a00000, 0x0000000081900000| Untracked 
|   2|0x0000000081a00000, 0x0000000081b00000, 0x0000000081b00000|100%| O|  |TAMS 0x0000000081b00000, 0x0000000081a00000| Untracked 
|   3|0x0000000081b00000, 0x0000000081c00000, 0x0000000081c00000|100%| O|  |TAMS 0x0000000081c00000, 0x0000000081b00000| Untracked 
|   4|0x0000000081c00000, 0x0000000081c00000, 0x0000000081d00000|  0%| F|  |TAMS 0x0000000081c00000, 0x0000000081c00000| Untracked 
|   5|0x0000000081d00000, 0x0000000081e00000, 0x0000000081e00000|100%| O|  |TAMS 0x0000000081e00000, 0x0000000081d00000| Untracked 
|   6|0x0000000081e00000, 0x0000000081f00000, 0x0000000081f00000|100%| O|  |TAMS 0x0000000081f00000, 0x0000000081e00000| Untracked 
|   7|0x0000000081f00000, 0x0000000082000000, 0x0000000082000000|100%| O|  |TAMS 0x0000000082000000, 0x0000000081f00000| Untracked 
|   8|0x0000000082000000, 0x0000000082100000, 0x0000000082100000|100%| O|  |TAMS 0x0000000082000000, 0x0000000082000000| Untracked 
|   9|0x0000000082100000, 0x0000000082200000, 0x0000000082200000|100%| O|  |TAMS 0x0000000082100000, 0x0000000082100000| Untracked 
|  10|0x0000000082200000, 0x0000000082300000, 0x0000000082300000|100%| O|  |TAMS 0x0000000082200000, 0x0000000082200000| Untracked 
|  11|0x0000000082300000, 0x0000000082400000, 0x0000000082400000|100%| O|  |TAMS 0x0000000082300000, 0x0000000082300000| Untracked 
|  12|0x0000000082400000, 0x0000000082500000, 0x0000000082500000|100%| O|  |TAMS 0x0000000082500000, 0x0000000082400000| Untracked 
|  13|0x0000000082500000, 0x0000000082600000, 0x0000000082600000|100%| O|  |TAMS 0x0000000082501e00, 0x0000000082500000| Untracked 
|  14|0x0000000082600000, 0x0000000082700000, 0x0000000082700000|100%| O|  |TAMS 0x0000000082600000, 0x0000000082600000| Untracked 
|  15|0x0000000082700000, 0x0000000082800000, 0x0000000082800000|100%| O|  |TAMS 0x0000000082700000, 0x0000000082700000| Untracked 
|  16|0x0000000082800000, 0x0000000082900000, 0x0000000082900000|100%| O|  |TAMS 0x0000000082800000, 0x0000000082800000| Untracked 
|  17|0x0000000082900000, 0x0000000082935800, 0x0000000082a00000| 20%| O|  |TAMS 0x0000000082900000, 0x0000000082900000| Untracked 
|  18|0x0000000082a00000, 0x0000000082a00000, 0x0000000082b00000|  0%| F|  |TAMS 0x0000000082a00000, 0x0000000082a00000| Untracked 
|  19|0x0000000082b00000, 0x0000000082b00000, 0x0000000082c00000|  0%| F|  |TAMS 0x0000000082b00000, 0x0000000082b00000| Untracked 
|  20|0x0000000082c00000, 0x0000000082c00000, 0x0000000082d00000|  0%| F|  |TAMS 0x0000000082c00000, 0x0000000082c00000| Untracked 
|  21|0x0000000082d00000, 0x0000000082d00000, 0x0000000082e00000|  0%| F|  |TAMS 0x0000000082d00000, 0x0000000082d00000| Untracked 
|  22|0x0000000082e00000, 0x0000000082e00000, 0x0000000082f00000|  0%| F|  |TAMS 0x0000000082e00000, 0x0000000082e00000| Untracked 
|  23|0x0000000082f00000, 0x0000000082f00000, 0x0000000083000000|  0%| F|  |TAMS 0x0000000082f00000, 0x0000000082f00000| Untracked 
|  24|0x0000000083000000, 0x0000000083000000, 0x0000000083100000|  0%| F|  |TAMS 0x0000000083000000, 0x0000000083000000| Untracked 
|  25|0x0000000083100000, 0x0000000083100000, 0x0000000083200000|  0%| F|  |TAMS 0x0000000083100000, 0x0000000083100000| Untracked 
|  26|0x0000000083200000, 0x0000000083200000, 0x0000000083300000|  0%| F|  |TAMS 0x0000000083200000, 0x0000000083200000| Untracked 
|  27|0x0000000083300000, 0x0000000083300000, 0x0000000083400000|  0%| F|  |TAMS 0x0000000083300000, 0x0000000083300000| Untracked 
|  28|0x0000000083400000, 0x0000000083500000, 0x0000000083500000|100%| S|CS|TAMS 0x0000000083400000, 0x0000000083400000| Complete 
|  29|0x0000000083500000, 0x0000000083600000, 0x0000000083600000|100%| S|CS|TAMS 0x0000000083500000, 0x0000000083500000| Complete 
|  30|0x0000000083600000, 0x0000000083600000, 0x0000000083700000|  0%| F|  |TAMS 0x0000000083600000, 0x0000000083600000| Untracked 
|  31|0x0000000083700000, 0x0000000083700000, 0x0000000083800000|  0%| F|  |TAMS 0x0000000083700000, 0x0000000083700000| Untracked 
|  32|0x0000000083800000, 0x0000000083800000, 0x0000000083900000|  0%| F|  |TAMS 0x0000000083800000, 0x0000000083800000| Untracked 
|  33|0x0000000083900000, 0x0000000083900000, 0x0000000083a00000|  0%| F|  |TAMS 0x0000000083900000, 0x0000000083900000| Untracked 
|  34|0x0000000083a00000, 0x0000000083a00000, 0x0000000083b00000|  0%| F|  |TAMS 0x0000000083a00000, 0x0000000083a00000| Untracked 
|  35|0x0000000083b00000, 0x0000000083b00000, 0x0000000083c00000|  0%| F|  |TAMS 0x0000000083b00000, 0x0000000083b00000| Untracked 
|  36|0x0000000083c00000, 0x0000000083c00000, 0x0000000083d00000|  0%| F|  |TAMS 0x0000000083c00000, 0x0000000083c00000| Untracked 
|  37|0x0000000083d00000, 0x0000000083d00000, 0x0000000083e00000|  0%| F|  |TAMS 0x0000000083d00000, 0x0000000083d00000| Untracked 
|  38|0x0000000083e00000, 0x0000000083e00000, 0x0000000083f00000|  0%| F|  |TAMS 0x0000000083e00000, 0x0000000083e00000| Untracked 
|  39|0x0000000083f00000, 0x0000000083f00000, 0x0000000084000000|  0%| F|  |TAMS 0x0000000083f00000, 0x0000000083f00000| Untracked 
|  40|0x0000000084000000, 0x0000000084000000, 0x0000000084100000|  0%| F|  |TAMS 0x0000000084000000, 0x0000000084000000| Untracked 
|  41|0x0000000084100000, 0x0000000084100000, 0x0000000084200000|  0%| F|  |TAMS 0x0000000084100000, 0x0000000084100000| Untracked 
|  42|0x0000000084200000, 0x0000000084200000, 0x0000000084300000|  0%| F|  |TAMS 0x0000000084200000, 0x0000000084200000| Untracked 
|  43|0x0000000084300000, 0x0000000084300000, 0x0000000084400000|  0%| F|  |TAMS 0x0000000084300000, 0x0000000084300000| Untracked 
|  44|0x0000000084400000, 0x0000000084400000, 0x0000000084500000|  0%| F|  |TAMS 0x0000000084400000, 0x0000000084400000| Untracked 
|  45|0x0000000084500000, 0x0000000084500000, 0x0000000084600000|  0%| F|  |TAMS 0x0000000084500000, 0x0000000084500000| Untracked 
|  46|0x0000000084600000, 0x0000000084600000, 0x0000000084700000|  0%| F|  |TAMS 0x0000000084600000, 0x0000000084600000| Untracked 
|  47|0x0000000084700000, 0x0000000084700000, 0x0000000084800000|  0%| F|  |TAMS 0x0000000084700000, 0x0000000084700000| Untracked 
|  48|0x0000000084800000, 0x0000000084800000, 0x0000000084900000|  0%| F|  |TAMS 0x0000000084800000, 0x0000000084800000| Untracked 
|  49|0x0000000084900000, 0x0000000084900000, 0x0000000084a00000|  0%| F|  |TAMS 0x0000000084900000, 0x0000000084900000| Untracked 
|  50|0x0000000084a00000, 0x0000000084a00000, 0x0000000084b00000|  0%| F|  |TAMS 0x0000000084a00000, 0x0000000084a00000| Untracked 
|  51|0x0000000084b00000, 0x0000000084b00000, 0x0000000084c00000|  0%| F|  |TAMS 0x0000000084b00000, 0x0000000084b00000| Untracked 
|  52|0x0000000084c00000, 0x0000000084c00000, 0x0000000084d00000|  0%| F|  |TAMS 0x0000000084c00000, 0x0000000084c00000| Untracked 
| 127|0x0000000089700000, 0x0000000089700000, 0x0000000089800000|  0%| F|  |TAMS 0x0000000089700000, 0x0000000089700000| Untracked 

Card table byte_map: [0x000001cc7ee70000,0x000001cc7f270000] _byte_map_base: 0x000001cc7ea64000

Marking Bits (Prev, Next): (CMBitMap*) 0x000001cc7cd90660, (CMBitMap*) 0x000001cc7cd906a0
 Prev Bits: [0x000001cc06610000, 0x000001cc085b0000)
 Next Bits: [0x000001cc085b0000, 0x000001cc0a550000)

Polling page: 0x000001cc7cdf0000

Metaspace:

Usage:
  Non-class:     37.32 MB used.
      Class:      5.61 MB used.
       Both:     42.93 MB used.

Virtual space:
  Non-class space:       64.00 MB reserved,      37.62 MB ( 59%) committed,  1 nodes.
      Class space:        1.00 GB reserved,       5.88 MB ( <1%) committed,  1 nodes.
             Both:        1.06 GB reserved,      43.50 MB (  4%) committed. 

Chunk freelists:
   Non-Class:  9.98 MB
       Class:  10.17 MB
        Both:  20.15 MB

MaxMetaspaceSize: unlimited
CompressedClassSpaceSize: 1.00 GB
Initial GC threshold: 21.00 MB
Current GC threshold: 59.31 MB
CDS: off
MetaspaceReclaimPolicy: balanced
 - commit_granule_bytes: 65536.
 - commit_granule_words: 8192.
 - virtual_space_node_default_size: 8388608.
 - enlarge_chunks_in_place: 1.
 - new_chunks_are_fully_committed: 0.
 - uncommit_free_chunks: 1.
 - use_allocation_guard: 0.
 - handle_deallocations: 1.


Internal statistics:

num_allocs_failed_limit: 6.
num_arena_births: 672.
num_arena_deaths: 0.
num_vsnodes_births: 2.
num_vsnodes_deaths: 0.
num_space_committed: 696.
num_space_uncommitted: 0.
num_chunks_returned_to_freelist: 6.
num_chunks_taken_from_freelist: 1983.
num_chunk_merges: 6.
num_chunk_splits: 1332.
num_chunks_enlarged: 950.
num_inconsistent_stats: 0.

CodeCache: size=49152Kb used=7588Kb max_used=8426Kb free=41563Kb
 bounds [0x000001cc03610000, 0x000001cc03e50000, 0x000001cc06610000]
 total_blobs=4777 nmethods=4239 adapters=465
 compilation: enabled
              stopped_count=0, restarted_count=0
 full_count=0

Compilation events (20 events):
Event: 132.489 Thread 0x000001cc0c58caa0 4231       1       java.util.concurrent.locks.LockSupport::parkNanos (29 bytes)
Event: 132.489 Thread 0x000001cc0c58caa0 nmethod 4231 0x000001cc0380c890 code [0x000001cc0380ca40, 0x000001cc0380cc28]
Event: 132.489 Thread 0x000001cc0c58caa0 4230       1       org.apache.catalina.util.LifecycleBase::getState (5 bytes)
Event: 132.489 Thread 0x000001cc0c58caa0 nmethod 4230 0x000001cc0380c590 code [0x000001cc0380c720, 0x000001cc0380c7f8]
Event: 132.489 Thread 0x000001cc0c58caa0 4232       1       java.util.concurrent.locks.ReentrantReadWriteLock$ReadLock::lock (9 bytes)
Event: 132.489 Thread 0x000001cc0c58caa0 nmethod 4232 0x000001cc0380c190 code [0x000001cc0380c340, 0x000001cc0380c498]
Event: 132.490 Thread 0x000001cc0c58caa0 4233       1       java.util.concurrent.locks.AbstractQueuedSynchronizer::acquireShared (20 bytes)
Event: 132.490 Thread 0x000001cc0c58caa0 nmethod 4233 0x000001cc0380bd90 code [0x000001cc0380bf40, 0x000001cc0380c098]
Event: 132.490 Thread 0x000001cc0c58caa0 4234       1       java.util.concurrent.locks.ReentrantReadWriteLock$Sync::tryAcquireShared (177 bytes)
Event: 132.491 Thread 0x000001cc0c58caa0 nmethod 4234 0x000001cc0380b190 code [0x000001cc0380b3a0, 0x000001cc0380b9e8]
Event: 132.491 Thread 0x000001cc0c58caa0 4235       1       java.util.concurrent.locks.ReentrantReadWriteLock$Sync::sharedCount (5 bytes)
Event: 132.491 Thread 0x000001cc0c58caa0 nmethod 4235 0x000001cc0380ae90 code [0x000001cc0380b020, 0x000001cc0380b0d8]
Event: 132.602 Thread 0x000001cc0c58caa0 4236       1       org.bson.BsonInt32::<init> (10 bytes)
Event: 132.602 Thread 0x000001cc0c58caa0 nmethod 4236 0x000001cc0380ab90 code [0x000001cc0380ad20, 0x000001cc0380adf8]
Event: 132.705 Thread 0x000001cc0c58caa0 4237   !   1       jdk.internal.misc.ScopedMemoryAccess::copyMemory (31 bytes)
Event: 132.706 Thread 0x000001cc0c58caa0 nmethod 4237 0x000001cc0380a590 code [0x000001cc0380a760, 0x000001cc0380a9f8]
Event: 132.706 Thread 0x000001cc0c58caa0 4238   !   1       jdk.internal.misc.ScopedMemoryAccess::copyMemoryInternal (60 bytes)
Event: 132.708 Thread 0x000001cc0c58caa0 nmethod 4238 0x000001cc03809790 code [0x000001cc038099e0, 0x000001cc03809f58]
Event: 135.587 Thread 0x000001cc0c58caa0 4239   !   1       java.net.Socket::isClosed (19 bytes)
Event: 135.588 Thread 0x000001cc0c58caa0 nmethod 4239 0x000001cc03809390 code [0x000001cc03809520, 0x000001cc038096b8]

GC Heap History (20 events):
Event: 0.586 GC heap after
{Heap after GC invocations=1 (full 0):
 garbage-first heap   total 131072K, used 4657K [0x0000000081800000, 0x0000000100000000)
  region size 1024K, 2 young (2048K), 2 survivors (2048K)
 Metaspace       used 13598K, committed 13824K, reserved 1114112K
  class space    used 1411K, committed 1536K, reserved 1048576K
}
Event: 0.883 GC heap before
{Heap before GC invocations=1 (full 0):
 garbage-first heap   total 131072K, used 17969K [0x0000000081800000, 0x0000000100000000)
  region size 1024K, 15 young (15360K), 2 survivors (2048K)
 Metaspace       used 17661K, committed 17920K, reserved 1114112K
  class space    used 1945K, committed 2048K, reserved 1048576K
}
Event: 0.887 GC heap after
{Heap after GC invocations=2 (full 0):
 garbage-first heap   total 131072K, used 6321K [0x0000000081800000, 0x0000000100000000)
  region size 1024K, 2 young (2048K), 2 survivors (2048K)
 Metaspace       used 17661K, committed 17920K, reserved 1114112K
  class space    used 1945K, committed 2048K, reserved 1048576K
}
Event: 1.117 GC heap before
{Heap before GC invocations=2 (full 0):
 garbage-first heap   total 131072K, used 22705K [0x0000000081800000, 0x0000000100000000)
  region size 1024K, 20 young (20480K), 2 survivors (2048K)
 Metaspace       used 21280K, committed 21504K, reserved 1114112K
  class space    used 2447K, committed 2560K, reserved 1048576K
}
Event: 1.120 GC heap after
{Heap after GC invocations=3 (full 0):
 garbage-first heap   total 131072K, used 7187K [0x0000000081800000, 0x0000000100000000)
  region size 1024K, 3 young (3072K), 3 survivors (3072K)
 Metaspace       used 21280K, committed 21504K, reserved 1114112K
  class space    used 2447K, committed 2560K, reserved 1048576K
}
Event: 1.293 GC heap before
{Heap before GC invocations=4 (full 0):
 garbage-first heap   total 34816K, used 25619K [0x0000000081800000, 0x0000000100000000)
  region size 1024K, 22 young (22528K), 3 survivors (3072K)
 Metaspace       used 25712K, committed 26048K, reserved 1114112K
  class space    used 3045K, committed 3200K, reserved 1048576K
}
Event: 1.297 GC heap after
{Heap after GC invocations=5 (full 0):
 garbage-first heap   total 34816K, used 8389K [0x0000000081800000, 0x0000000100000000)
  region size 1024K, 4 young (4096K), 4 survivors (4096K)
 Metaspace       used 25712K, committed 26048K, reserved 1114112K
  class space    used 3045K, committed 3200K, reserved 1048576K
}
Event: 1.308 GC heap before
{Heap before GC invocations=5 (full 0):
 garbage-first heap   total 34816K, used 9413K [0x0000000081800000, 0x0000000100000000)
  region size 1024K, 5 young (5120K), 4 survivors (4096K)
 Metaspace       used 25929K, committed 26240K, reserved 1114112K
  class space    used 3073K, committed 3200K, reserved 1048576K
}
Event: 1.312 GC heap after
{Heap after GC invocations=6 (full 0):
 garbage-first heap   total 34816K, used 8797K [0x0000000081800000, 0x0000000100000000)
  region size 1024K, 1 young (1024K), 1 survivors (1024K)
 Metaspace       used 25929K, committed 26240K, reserved 1114112K
  class space    used 3073K, committed 3200K, reserved 1048576K
}
Event: 1.441 GC heap before
{Heap before GC invocations=6 (full 0):
 garbage-first heap   total 34816K, used 20061K [0x0000000081800000, 0x0000000100000000)
  region size 1024K, 13 young (13312K), 1 survivors (1024K)
 Metaspace       used 27675K, committed 27968K, reserved 1114112K
  class space    used 3312K, committed 3456K, reserved 1048576K
}
Event: 1.444 GC heap after
{Heap after GC invocations=7 (full 0):
 garbage-first heap   total 61440K, used 10189K [0x0000000081800000, 0x0000000100000000)
  region size 1024K, 2 young (2048K), 2 survivors (2048K)
 Metaspace       used 27675K, committed 27968K, reserved 1114112K
  class space    used 3312K, committed 3456K, reserved 1048576K
}
Event: 2.030 GC heap before
{Heap before GC invocations=7 (full 0):
 garbage-first heap   total 61440K, used 41933K [0x0000000081800000, 0x0000000100000000)
  region size 1024K, 34 young (34816K), 2 survivors (2048K)
 Metaspace       used 31953K, committed 32384K, reserved 1114112K
  class space    used 3966K, committed 4160K, reserved 1048576K
}
Event: 2.037 GC heap after
{Heap after GC invocations=8 (full 0):
 garbage-first heap   total 61440K, used 12458K [0x0000000081800000, 0x0000000100000000)
  region size 1024K, 5 young (5120K), 5 survivors (5120K)
 Metaspace       used 31953K, committed 32384K, reserved 1114112K
  class space    used 3966K, committed 4160K, reserved 1048576K
}
Event: 2.415 GC heap before
{Heap before GC invocations=8 (full 0):
 garbage-first heap   total 61440K, used 32938K [0x0000000081800000, 0x0000000100000000)
  region size 1024K, 27 young (27648K), 5 survivors (5120K)
 Metaspace       used 35745K, committed 36160K, reserved 1114112K
  class space    used 4480K, committed 4672K, reserved 1048576K
}
Event: 2.421 GC heap after
{Heap after GC invocations=9 (full 0):
 garbage-first heap   total 61440K, used 14481K [0x0000000081800000, 0x0000000100000000)
  region size 1024K, 5 young (5120K), 5 survivors (5120K)
 Metaspace       used 35745K, committed 36160K, reserved 1114112K
  class space    used 4480K, committed 4672K, reserved 1048576K
}
Event: 2.852 GC heap before
{Heap before GC invocations=10 (full 0):
 garbage-first heap   total 55296K, used 42129K [0x0000000081800000, 0x0000000100000000)
  region size 1024K, 32 young (32768K), 5 survivors (5120K)
 Metaspace       used 41059K, committed 41536K, reserved 1114112K
  class space    used 5321K, committed 5568K, reserved 1048576K
}
Event: 2.858 GC heap after
{Heap after GC invocations=11 (full 0):
 garbage-first heap   total 55296K, used 16603K [0x0000000081800000, 0x0000000100000000)
  region size 1024K, 4 young (4096K), 4 survivors (4096K)
 Metaspace       used 41059K, committed 41536K, reserved 1114112K
  class space    used 5321K, committed 5568K, reserved 1048576K
}
Event: 2.863 GC heap before
{Heap before GC invocations=11 (full 0):
 garbage-first heap   total 55296K, used 17627K [0x0000000081800000, 0x0000000100000000)
  region size 1024K, 5 young (5120K), 4 survivors (4096K)
 Metaspace       used 41059K, committed 41536K, reserved 1114112K
  class space    used 5321K, committed 5568K, reserved 1048576K
}
Event: 2.867 GC heap after
{Heap after GC invocations=12 (full 0):
 garbage-first heap   total 55296K, used 17200K [0x0000000081800000, 0x0000000100000000)
  region size 1024K, 1 young (1024K), 1 survivors (1024K)
 Metaspace       used 41059K, committed 41536K, reserved 1114112K
  class space    used 5321K, committed 5568K, reserved 1048576K
}
Event: 142.708 GC heap before
{Heap before GC invocations=12 (full 0):
 garbage-first heap   total 55296K, used 40752K [0x0000000081800000, 0x0000000100000000)
  region size 1024K, 24 young (24576K), 1 survivors (1024K)
 Metaspace       used 43961K, committed 44544K, reserved 1114112K
  class space    used 5742K, committed 6016K, reserved 1048576K
}

Dll operation events (9 events):
Event: 0.006 Loaded shared library C:\sts-4.21.1.RELEASE\plugins\org.eclipse.justj.openjdk.hotspot.jre.full.win32.x86_64_17.0.10.v20240120-1143\jre\bin\java.dll
Event: 0.166 Loaded shared library C:\sts-4.21.1.RELEASE\plugins\org.eclipse.justj.openjdk.hotspot.jre.full.win32.x86_64_17.0.10.v20240120-1143\jre\bin\jimage.dll
Event: 0.182 Loaded shared library C:\sts-4.21.1.RELEASE\plugins\org.eclipse.justj.openjdk.hotspot.jre.full.win32.x86_64_17.0.10.v20240120-1143\jre\bin\net.dll
Event: 0.184 Loaded shared library C:\sts-4.21.1.RELEASE\plugins\org.eclipse.justj.openjdk.hotspot.jre.full.win32.x86_64_17.0.10.v20240120-1143\jre\bin\nio.dll
Event: 0.188 Loaded shared library C:\sts-4.21.1.RELEASE\plugins\org.eclipse.justj.openjdk.hotspot.jre.full.win32.x86_64_17.0.10.v20240120-1143\jre\bin\zip.dll
Event: 0.232 Loaded shared library C:\sts-4.21.1.RELEASE\plugins\org.eclipse.justj.openjdk.hotspot.jre.full.win32.x86_64_17.0.10.v20240120-1143\jre\bin\management.dll
Event: 0.250 Loaded shared library C:\sts-4.21.1.RELEASE\plugins\org.eclipse.justj.openjdk.hotspot.jre.full.win32.x86_64_17.0.10.v20240120-1143\jre\bin\management_ext.dll
Event: 0.471 Loaded shared library C:\sts-4.21.1.RELEASE\plugins\org.eclipse.justj.openjdk.hotspot.jre.full.win32.x86_64_17.0.10.v20240120-1143\jre\bin\extnet.dll
Event: 1.375 Loaded shared library C:\sts-4.21.1.RELEASE\plugins\org.eclipse.justj.openjdk.hotspot.jre.full.win32.x86_64_17.0.10.v20240120-1143\jre\bin\sunmscapi.dll

Deoptimization events (2 events):
Event: 2.684 Thread 0x000001cc7cbfe000 DEOPT PACKING pc=0x000001cc03dbc39c sp=0x00000022f8cfa8d0
Event: 2.684 Thread 0x000001cc7cbfe000 DEOPT UNPACKING pc=0x000001cc03667143 sp=0x00000022f8cf9e28 mode 0

Classes unloaded (0 events):
No events

Classes redefined (0 events):
No events

Internal exceptions (20 events):
Event: 2.313 Thread 0x000001cc7cbfe000 Exception <a 'java/io/FileNotFoundException'{0x00000000844a2e00}> (0x00000000844a2e00) 
thrown [s\src\hotspot\share\prims\jni.cpp, line 516]
Event: 2.335 Thread 0x000001cc7cbfe000 Exception <a 'java/lang/NoSuchMethodError'{0x00000000843d4e78}: 'int java.lang.invoke.DirectMethodHandle$Holder.invokeInterface(java.lang.Object, java.lang.Object, java.lang.Object, java.lang.Object)'> (0x00000000843d4e78) 
thrown [s\src\hotspot\share\interpreter\linkResolver.cpp, line 759]
Event: 2.372 Thread 0x000001cc7cbfe000 Exception <a 'java/lang/NoSuchMethodError'{0x00000000841aca48}: 'long java.lang.invoke.DirectMethodHandle$Holder.invokeVirtual(java.lang.Object, java.lang.Object)'> (0x00000000841aca48) 
thrown [s\src\hotspot\share\interpreter\linkResolver.cpp, line 759]
Event: 2.555 Thread 0x000001cc7cbfe000 Exception <a 'java/lang/NoSuchMethodError'{0x000000008466cf40}: 'long java.lang.invoke.DirectMethodHandle$Holder.invokeStatic(java.lang.Object)'> (0x000000008466cf40) 
thrown [s\src\hotspot\share\interpreter\linkResolver.cpp, line 759]
Event: 2.636 Thread 0x000001cc7cbfe000 Exception <a 'java/lang/IncompatibleClassChangeError'{0x000000008407d8f8}: Found class java.lang.Object, but interface was expected> (0x000000008407d8f8) 
thrown [s\src\hotspot\share\interpreter\linkResolver.cpp, line 826]
Event: 2.638 Thread 0x000001cc113f4330 Exception <a 'java/lang/reflect/InvocationTargetException'{0x0000000083f01b90}> (0x0000000083f01b90) 
thrown [s\src\hotspot\share\runtime\reflection.cpp, line 1121]
Event: 2.656 Thread 0x000001cc7cbfe000 Exception <a 'sun/nio/fs/WindowsException'{0x0000000083fe8a50}> (0x0000000083fe8a50) 
thrown [s\src\hotspot\share\prims\jni.cpp, line 516]
Event: 2.657 Thread 0x000001cc7cbfe000 Exception <a 'java/lang/IncompatibleClassChangeError'{0x0000000083ff47b0}: Found class java.lang.Object, but interface was expected> (0x0000000083ff47b0) 
thrown [s\src\hotspot\share\interpreter\linkResolver.cpp, line 826]
Event: 2.703 Thread 0x000001cc7cbfe000 Exception <a 'java/lang/IncompatibleClassChangeError'{0x00000000837f7d90}: Found class java.lang.Object, but interface was expected> (0x00000000837f7d90) 
thrown [s\src\hotspot\share\interpreter\linkResolver.cpp, line 826]
Event: 2.763 Thread 0x000001cc7cbfe000 Exception <a 'java/lang/NoSuchMethodError'{0x000000008337a130}: 'java.lang.Object java.lang.invoke.DirectMethodHandle$Holder.newInvokeSpecial(java.lang.Object, long)'> (0x000000008337a130) 
thrown [s\src\hotspot\share\interpreter\linkResolver.cpp, line 759]
Event: 2.843 Thread 0x000001cc7cbfe000 Exception <a 'java/lang/IncompatibleClassChangeError'{0x0000000082e3a820}: Found class java.lang.Object, but interface was expected> (0x0000000082e3a820) 
thrown [s\src\hotspot\share\interpreter\linkResolver.cpp, line 826]
Event: 2.849 Thread 0x000001cc7cbfe000 Exception <a 'java/lang/NoSuchMethodError'{0x0000000082e94b28}: 'java.lang.Object java.lang.invoke.DirectMethodHandle$Holder.newInvokeSpecial(java.lang.Object, java.lang.Object, java.lang.Object, java.lang.Object, java.lang.Object, java.lang.Object)'> (0x0000000082e94b28) 
thrown [s\src\hotspot\share\interpreter\linkResolver.cpp, line 759]
Event: 3.007 Thread 0x000001cc7cbfe000 Exception <a 'sun/nio/fs/WindowsException'{0x000000008430cc58}> (0x000000008430cc58) 
thrown [s\src\hotspot\share\prims\jni.cpp, line 516]
Event: 3.032 Thread 0x000001cc7cbfe000 Exception <a 'java/lang/IncompatibleClassChangeError'{0x00000000842ed540}: Found class java.lang.Object, but interface was expected> (0x00000000842ed540) 
thrown [s\src\hotspot\share\interpreter\linkResolver.cpp, line 826]
Event: 3.063 Thread 0x000001cc7cbfe000 Exception <a 'java/lang/NoSuchMethodError'{0x0000000084071450}: 'void java.lang.invoke.DirectMethodHandle$Holder.invokeVirtual(java.lang.Object, java.lang.Object, long)'> (0x0000000084071450) 
thrown [s\src\hotspot\share\interpreter\linkResolver.cpp, line 759]
Event: 3.113 Thread 0x000001cc7cbfe000 Exception <a 'java/lang/NoSuchMethodError'{0x0000000083d907b0}: 'int java.lang.invoke.DirectMethodHandle$Holder.invokeStaticInit(java.lang.Object, java.lang.Object, java.lang.Object, java.lang.Object)'> (0x0000000083d907b0) 
thrown [s\src\hotspot\share\interpreter\linkResolver.cpp, line 759]
Event: 3.154 Thread 0x000001cc7cbfe000 Exception <a 'java/lang/NoSuchMethodError'{0x0000000083a6b1b8}: 'java.lang.Object java.lang.invoke.DirectMethodHandle$Holder.newInvokeSpecial(java.lang.Object, java.lang.Object, int, java.lang.Object, java.lang.Object)'> (0x0000000083a6b1b8) 
thrown [s\src\hotspot\share\interpreter\linkResolver.cpp, line 759]
Event: 3.155 Thread 0x000001cc7cbfe000 Exception <a 'java/lang/NoSuchMethodError'{0x0000000083a76850}: 'java.lang.Object java.lang.invoke.DirectMethodHandle$Holder.invokeSpecial(java.lang.Object, java.lang.Object, int, java.lang.Object, int, java.lang.Object)'> (0x0000000083a76850) 
thrown [s\src\hotspot\share\interpreter\linkResolver.cpp, line 759]
Event: 3.155 Thread 0x000001cc7cbfe000 Exception <a 'java/lang/NoSuchMethodError'{0x0000000083a7e658}: 'java.lang.Object java.lang.invoke.DirectMethodHandle$Holder.newInvokeSpecial(java.lang.Object, java.lang.Object, int, java.lang.Object, int)'> (0x0000000083a7e658) 
thrown [s\src\hotspot\share\interpreter\linkResolver.cpp, line 759]
Event: 3.155 Thread 0x000001cc7cbfe000 Exception <a 'java/lang/NoSuchMethodError'{0x0000000083a82758}: 'java.lang.Object java.lang.invoke.DirectMethodHandle$Holder.invokeSpecial(java.lang.Object, java.lang.Object, java.lang.Object, int, java.lang.Object, int)'> (0x0000000083a82758) 
thrown [s\src\hotspot\share\interpreter\linkResolver.cpp, line 759]

VM Operations (20 events):
Event: 23.211 Executing VM operation: Cleanup done
Event: 53.460 Executing VM operation: Cleanup
Event: 53.461 Executing VM operation: Cleanup done
Event: 60.163 Executing VM operation: HandshakeAllThreads
Event: 60.163 Executing VM operation: HandshakeAllThreads done
Event: 64.200 Executing VM operation: Cleanup
Event: 64.200 Executing VM operation: Cleanup done
Event: 73.272 Executing VM operation: Cleanup
Event: 73.272 Executing VM operation: Cleanup done
Event: 93.390 Executing VM operation: Cleanup
Event: 93.390 Executing VM operation: Cleanup done
Event: 103.476 Executing VM operation: Cleanup
Event: 103.476 Executing VM operation: Cleanup done
Event: 120.383 Executing VM operation: HandshakeAllThreads
Event: 120.383 Executing VM operation: HandshakeAllThreads done
Event: 123.387 Executing VM operation: Cleanup
Event: 123.387 Executing VM operation: Cleanup done
Event: 133.389 Executing VM operation: Cleanup
Event: 133.389 Executing VM operation: Cleanup done
Event: 142.708 Executing VM operation: G1CollectForAllocation

Events (20 events):
Event: 3.711 loading class javax/management/remote/rmi/RMIConnectionImpl$SetCcl
Event: 3.711 loading class javax/management/remote/rmi/RMIConnectionImpl$SetCcl done
Event: 3.711 loading class java/rmi/MarshalledObject$MarshalledObjectInputStream
Event: 3.712 loading class java/rmi/MarshalledObject$MarshalledObjectInputStream done
Event: 3.713 Thread 0x000001cc124bc450 Thread added: 0x000001cc124bc450
Event: 3.713 Thread 0x000001cc124becd0 Thread added: 0x000001cc124becd0
Event: 3.714 loading class java/rmi/server/UnicastRemoteObject
Event: 3.714 loading class java/rmi/server/UnicastRemoteObject done
Event: 3.714 Thread 0x000001cc124c0110 Thread exited: 0x000001cc124c0110
Event: 3.717 Thread 0x000001cc124bce70 Thread added: 0x000001cc124bce70
Event: 3.724 Thread 0x000001cc124bc960 Thread added: 0x000001cc124bc960
Event: 3.727 Thread 0x000001cc124c2480 Thread added: 0x000001cc124c2480
Event: 3.733 Thread 0x000001cc124bce70 Thread exited: 0x000001cc124bce70
Event: 4.767 Thread 0x000001cc124c2480 Thread exited: 0x000001cc124c2480
Event: 4.775 Thread 0x000001cc124bc960 Thread exited: 0x000001cc124bc960
Event: 9.678 Thread 0x000001cc0c644060 Thread exited: 0x000001cc0c644060
Event: 90.548 Thread 0x000001cc11391ad0 Thread exited: 0x000001cc11391ad0
Event: 90.548 Thread 0x000001cc124becd0 Thread exited: 0x000001cc124becd0
Event: 90.549 Thread 0x000001cc124be7c0 Thread exited: 0x000001cc124be7c0
Event: 90.563 Thread 0x000001cc124bc450 Thread exited: 0x000001cc124bc450


Dynamic libraries:
0x00007ff7cf6c0000 - 0x00007ff7cf6ce000 	C:\sts-4.21.1.RELEASE\plugins\org.eclipse.justj.openjdk.hotspot.jre.full.win32.x86_64_17.0.10.v20240120-1143\jre\bin\javaw.exe
0x00007ffec1e70000 - 0x00007ffec2068000 	C:\WINDOWS\SYSTEM32\ntdll.dll
0x00007ffec1b70000 - 0x00007ffec1c2d000 	C:\WINDOWS\System32\KERNEL32.DLL
0x00007ffebfa10000 - 0x00007ffebfd06000 	C:\WINDOWS\System32\KERNELBASE.dll
0x00007ffebf910000 - 0x00007ffebfa10000 	C:\WINDOWS\System32\ucrtbase.dll
0x00007ffebafd0000 - 0x00007ffebafeb000 	C:\sts-4.21.1.RELEASE\plugins\org.eclipse.justj.openjdk.hotspot.jre.full.win32.x86_64_17.0.10.v20240120-1143\jre\bin\VCRUNTIME140.dll
0x00007ffeb7790000 - 0x00007ffeb77a7000 	C:\sts-4.21.1.RELEASE\plugins\org.eclipse.justj.openjdk.hotspot.jre.full.win32.x86_64_17.0.10.v20240120-1143\jre\bin\jli.dll
0x00007ffec1230000 - 0x00007ffec13ce000 	C:\WINDOWS\System32\USER32.dll
0x00007ffeae0f0000 - 0x00007ffeae38a000 	C:\WINDOWS\WinSxS\amd64_microsoft.windows.common-controls_6595b64144ccf1df_6.0.19041.3636_none_60b6a03d71f818d5\COMCTL32.dll
0x00007ffec1ad0000 - 0x00007ffec1b6e000 	C:\WINDOWS\System32\msvcrt.dll
0x00007ffebf8e0000 - 0x00007ffebf902000 	C:\WINDOWS\System32\win32u.dll
0x00007ffec1c30000 - 0x00007ffec1c5b000 	C:\WINDOWS\System32\GDI32.dll
0x00007ffebfd10000 - 0x00007ffebfe27000 	C:\WINDOWS\System32\gdi32full.dll
0x00007ffebf680000 - 0x00007ffebf71d000 	C:\WINDOWS\System32\msvcp_win.dll
0x00007ffec0f80000 - 0x00007ffec0fb2000 	C:\WINDOWS\System32\IMM32.DLL
0x00007ffebaf40000 - 0x00007ffebaf4c000 	C:\sts-4.21.1.RELEASE\plugins\org.eclipse.justj.openjdk.hotspot.jre.full.win32.x86_64_17.0.10.v20240120-1143\jre\bin\vcruntime140_1.dll
0x00007ffeaead0000 - 0x00007ffeaeb5d000 	C:\sts-4.21.1.RELEASE\plugins\org.eclipse.justj.openjdk.hotspot.jre.full.win32.x86_64_17.0.10.v20240120-1143\jre\bin\msvcp140.dll
0x00007ffe92c30000 - 0x00007ffe93892000 	C:\sts-4.21.1.RELEASE\plugins\org.eclipse.justj.openjdk.hotspot.jre.full.win32.x86_64_17.0.10.v20240120-1143\jre\bin\server\jvm.dll
0x00007ffec1c60000 - 0x00007ffec1d10000 	C:\WINDOWS\System32\ADVAPI32.dll
0x00007ffebfea0000 - 0x00007ffebff40000 	C:\WINDOWS\System32\sechost.dll
0x00007ffec0fc0000 - 0x00007ffec10e5000 	C:\WINDOWS\System32\RPCRT4.dll
0x00007ffebf820000 - 0x00007ffebf847000 	C:\WINDOWS\System32\bcrypt.dll
0x00007ffebf380000 - 0x00007ffebf3cb000 	C:\WINDOWS\SYSTEM32\POWRPROF.dll
0x00007ffeafd30000 - 0x00007ffeafd57000 	C:\WINDOWS\SYSTEM32\WINMM.dll
0x00007ffea9df0000 - 0x00007ffea9df9000 	C:\WINDOWS\SYSTEM32\WSOCK32.dll
0x00007ffec0540000 - 0x00007ffec05ab000 	C:\WINDOWS\System32\WS2_32.dll
0x00007ffeb9c20000 - 0x00007ffeb9c2a000 	C:\WINDOWS\SYSTEM32\VERSION.dll
0x00007ffebf360000 - 0x00007ffebf372000 	C:\WINDOWS\SYSTEM32\UMPDC.dll
0x00007ffebd3f0000 - 0x00007ffebd402000 	C:\WINDOWS\SYSTEM32\kernel.appcore.dll
0x00007ffebafb0000 - 0x00007ffebafba000 	C:\sts-4.21.1.RELEASE\plugins\org.eclipse.justj.openjdk.hotspot.jre.full.win32.x86_64_17.0.10.v20240120-1143\jre\bin\jimage.dll
0x00007ffea61e0000 - 0x00007ffea63c4000 	C:\WINDOWS\SYSTEM32\DBGHELP.DLL
0x00007ffea61a0000 - 0x00007ffea61d4000 	C:\WINDOWS\SYSTEM32\dbgcore.DLL
0x00007ffebf850000 - 0x00007ffebf8d2000 	C:\WINDOWS\System32\bcryptPrimitives.dll
0x00007ffeb77c0000 - 0x00007ffeb77e5000 	C:\sts-4.21.1.RELEASE\plugins\org.eclipse.justj.openjdk.hotspot.jre.full.win32.x86_64_17.0.10.v20240120-1143\jre\bin\java.dll
0x00007ffeb7760000 - 0x00007ffeb7778000 	C:\sts-4.21.1.RELEASE\plugins\org.eclipse.justj.openjdk.hotspot.jre.full.win32.x86_64_17.0.10.v20240120-1143\jre\bin\zip.dll
0x00007ffec0810000 - 0x00007ffec0f7b000 	C:\WINDOWS\System32\SHELL32.dll
0x00007ffebd5f0000 - 0x00007ffebdd8e000 	C:\WINDOWS\SYSTEM32\windows.storage.dll
0x00007ffec01e0000 - 0x00007ffec0533000 	C:\WINDOWS\System32\combase.dll
0x00007ffebee80000 - 0x00007ffebeeae000 	C:\WINDOWS\SYSTEM32\Wldp.dll
0x00007ffec0690000 - 0x00007ffec075d000 	C:\WINDOWS\System32\OLEAUT32.dll
0x00007ffebffa0000 - 0x00007ffec004d000 	C:\WINDOWS\System32\SHCORE.dll
0x00007ffebff40000 - 0x00007ffebff95000 	C:\WINDOWS\System32\shlwapi.dll
0x00007ffebf450000 - 0x00007ffebf475000 	C:\WINDOWS\SYSTEM32\profapi.dll
0x00007ffeb05c0000 - 0x00007ffeb05d9000 	C:\sts-4.21.1.RELEASE\plugins\org.eclipse.justj.openjdk.hotspot.jre.full.win32.x86_64_17.0.10.v20240120-1143\jre\bin\net.dll
0x00007ffeb8b70000 - 0x00007ffeb8c7a000 	C:\WINDOWS\SYSTEM32\WINHTTP.dll
0x00007ffebebe0000 - 0x00007ffebec4a000 	C:\WINDOWS\system32\mswsock.dll
0x00007ffeac7f0000 - 0x00007ffeac806000 	C:\sts-4.21.1.RELEASE\plugins\org.eclipse.justj.openjdk.hotspot.jre.full.win32.x86_64_17.0.10.v20240120-1143\jre\bin\nio.dll
0x00007ffebaf10000 - 0x00007ffebaf19000 	C:\sts-4.21.1.RELEASE\plugins\org.eclipse.justj.openjdk.hotspot.jre.full.win32.x86_64_17.0.10.v20240120-1143\jre\bin\management.dll
0x00007ffebaef0000 - 0x00007ffebaefb000 	C:\sts-4.21.1.RELEASE\plugins\org.eclipse.justj.openjdk.hotspot.jre.full.win32.x86_64_17.0.10.v20240120-1143\jre\bin\management_ext.dll
0x00007ffec10f0000 - 0x00007ffec10f8000 	C:\WINDOWS\System32\PSAPI.DLL
0x00007ffea4310000 - 0x00007ffea4327000 	C:\WINDOWS\system32\napinsp.dll
0x00007ffea42d0000 - 0x00007ffea42eb000 	C:\WINDOWS\system32\pnrpnsp.dll
0x00007ffea41d0000 - 0x00007ffea41e5000 	C:\WINDOWS\system32\wshbth.dll
0x00007ffebaed0000 - 0x00007ffebaeed000 	C:\WINDOWS\system32\NLAapi.dll
0x00007ffebe8d0000 - 0x00007ffebe90b000 	C:\WINDOWS\SYSTEM32\IPHLPAPI.DLL
0x00007ffebe910000 - 0x00007ffebe9db000 	C:\WINDOWS\SYSTEM32\DNSAPI.dll
0x00007ffec0170000 - 0x00007ffec0178000 	C:\WINDOWS\System32\NSI.dll
0x00007ffea3a10000 - 0x00007ffea3a22000 	C:\WINDOWS\System32\winrnr.dll
0x00007ffeb9680000 - 0x00007ffeb968a000 	C:\Windows\System32\rasadhlp.dll
0x00007ffeb3a10000 - 0x00007ffeb3a90000 	C:\WINDOWS\System32\fwpuclnt.dll
0x00007ffebedd0000 - 0x00007ffebede8000 	C:\WINDOWS\SYSTEM32\CRYPTSP.dll
0x00007ffebe510000 - 0x00007ffebe544000 	C:\WINDOWS\system32\rsaenh.dll
0x00007ffebf3d0000 - 0x00007ffebf3fe000 	C:\WINDOWS\SYSTEM32\USERENV.dll
0x00007ffebedf0000 - 0x00007ffebedfc000 	C:\WINDOWS\SYSTEM32\CRYPTBASE.dll
0x00007ffeb9d50000 - 0x00007ffeb9d67000 	C:\WINDOWS\SYSTEM32\dhcpcsvc6.DLL
0x00007ffeb9d30000 - 0x00007ffeb9d4d000 	C:\WINDOWS\SYSTEM32\dhcpcsvc.DLL
0x00007ffeb4be0000 - 0x00007ffeb4be9000 	C:\sts-4.21.1.RELEASE\plugins\org.eclipse.justj.openjdk.hotspot.jre.full.win32.x86_64_17.0.10.v20240120-1143\jre\bin\extnet.dll
0x00007ffeba950000 - 0x00007ffeba95e000 	C:\sts-4.21.1.RELEASE\plugins\org.eclipse.justj.openjdk.hotspot.jre.full.win32.x86_64_17.0.10.v20240120-1143\jre\bin\sunmscapi.dll
0x00007ffebf520000 - 0x00007ffebf67d000 	C:\WINDOWS\System32\CRYPT32.dll
0x00007ffebeef0000 - 0x00007ffebef18000 	C:\WINDOWS\SYSTEM32\ncrypt.dll
0x00007ffebeeb0000 - 0x00007ffebeeeb000 	C:\WINDOWS\SYSTEM32\NTASN1.dll
0x00007ffeb4f40000 - 0x00007ffeb4f47000 	C:\WINDOWS\system32\wshunix.dll

dbghelp: loaded successfully - version: 4.0.5 - missing functions: none
symbol engine: initialized successfully - sym options: 0x614 - pdb path: .;C:\sts-4.21.1.RELEASE\plugins\org.eclipse.justj.openjdk.hotspot.jre.full.win32.x86_64_17.0.10.v20240120-1143\jre\bin;C:\WINDOWS\SYSTEM32;C:\WINDOWS\WinSxS\amd64_microsoft.windows.common-controls_6595b64144ccf1df_6.0.19041.3636_none_60b6a03d71f818d5;C:\sts-4.21.1.RELEASE\plugins\org.eclipse.justj.openjdk.hotspot.jre.full.win32.x86_64_17.0.10.v20240120-1143\jre\bin\server

VM Arguments:
jvm_args: -Dcom.sun.management.jmxremote -Dcom.sun.management.jmxremote.port=55094 -Dcom.sun.management.jmxremote.authenticate=false -Dcom.sun.management.jmxremote.ssl=false -Djava.rmi.server.hostname=localhost -Dspring.jmx.enabled=true -Dmanagement.endpoints.jmx.exposure.include=* -Dspring.application.admin.enabled=true -XX:TieredStopAtLevel=1 -Dspring.boot.project.name=workshopmongo -Dfile.encoding=UTF-8 -Dstdout.encoding=UTF-8 -Dstderr.encoding=UTF-8 -XX:+ShowCodeDetailsInExceptionMessages 
java_command: com.heliojunior.workshopmongo.WorkshopmongoApplication --spring.output.ansi.enabled=always
java_class_path (initial): D:\arquivos de progamas(x86)\ws-sts\workshopmongo\target\classes;C:\Users\Hélio Jr\.m2\repository\org\springframework\boot\spring-boot-starter-web\3.2.3\spring-boot-starter-web-3.2.3.jar;C:\Users\Hélio Jr\.m2\repository\org\springframework\boot\spring-boot-starter\3.2.3\spring-boot-starter-3.2.3.jar;C:\Users\Hélio Jr\.m2\repository\org\springframework\boot\spring-boot\3.2.3\spring-boot-3.2.3.jar;C:\Users\Hélio Jr\.m2\repository\org\springframework\boot\spring-boot-autoconfigure\3.2.3\spring-boot-autoconfigure-3.2.3.jar;C:\Users\Hélio Jr\.m2\repository\org\springframework\boot\spring-boot-starter-logging\3.2.3\spring-boot-starter-logging-3.2.3.jar;C:\Users\Hélio Jr\.m2\repository\ch\qos\logback\logback-classic\1.4.14\logback-classic-1.4.14.jar;C:\Users\Hélio Jr\.m2\repository\ch\qos\logback\logback-core\1.4.14\logback-core-1.4.14.jar;C:\Users\Hélio Jr\.m2\repository\org\apache\logging\log4j\log4j-to-slf4j\2.21.1\log4j-to-slf4j-2.21.1.jar;C:\Users\Hélio Jr\.m2\repository\org\apache\logging\log4j\log4j-api\2.21.1\log4j-api-2.21.1.jar;C:\Users\Hélio Jr\.m2\repository\org\slf4j\jul-to-slf4j\2.0.12\jul-to-slf4j-2.0.12.jar;C:\Users\Hélio Jr\.m2\repository\jakarta\annotation\jakarta.annotation-api\2.1.1\jakarta.annotation-api-2.1.1.jar;C:\Users\Hélio Jr\.m2\repository\org\yaml\snakeyaml\2.2\snakeyaml-2.2.jar;C:\Users\Hélio Jr\.m2\repository\org\springframework\boot\spring-boot-starter-json\3.2.3\spring-boot-starter-json-3.2.3.jar;C:\Users\Hélio Jr\.m2\repository\com\fasterxml\jackson\core\jackson-databind\2.15.4\jackson-databind-2.15.4.jar;C:\Users\Hélio Jr\.m2\repository\com\fasterxml\jackson\core\jackson-annotations\2.15.4\jackson-annotations-2.15.4.jar;C:\Users\Hélio Jr\.m2\repository\com\fasterxml\jackson\core\jackson-core\2.15.4\jackson-core-2.15.4.jar;C:\Users\Hélio Jr\.m2\repository\com\fasterxml\jackson\datatype\jackson-datatype-jdk8\2.15.4\jackson-datatype-jdk8-2.15.4.jar;C:\Users\Hélio Jr\.m2\repository\com\fasterxml\jackson\datatype\j
Launcher Type: SUN_STANDARD

[Global flags]
     intx CICompilerCount                          = 3                                         {product} {ergonomic}
     uint ConcGCThreads                            = 1                                         {product} {ergonomic}
     uint G1ConcRefinementThreads                  = 4                                         {product} {ergonomic}
   size_t G1HeapRegionSize                         = 1048576                                   {product} {ergonomic}
    uintx GCDrainStackTargetSize                   = 64                                        {product} {ergonomic}
   size_t InitialHeapSize                          = 134217728                                 {product} {ergonomic}
     bool ManagementServer                         = true                                      {product} {command line}
   size_t MarkStackSize                            = 4194304                                   {product} {ergonomic}
   size_t MaxHeapSize                              = 2122317824                                {product} {ergonomic}
   size_t MaxNewSize                               = 1272971264                                {product} {ergonomic}
   size_t MinHeapDeltaBytes                        = 1048576                                   {product} {ergonomic}
   size_t MinHeapSize                              = 8388608                                   {product} {ergonomic}
    uintx NonProfiledCodeHeapSize                  = 0                                      {pd product} {ergonomic}
     bool ProfileInterpreter                       = false                                  {pd product} {command line}
    uintx ProfiledCodeHeapSize                     = 0                                      {pd product} {ergonomic}
     bool ShowCodeDetailsInExceptionMessages       = true                                   {manageable} {command line}
   size_t SoftMaxHeapSize                          = 2122317824                             {manageable} {ergonomic}
     intx TieredStopAtLevel                        = 1                                         {product} {command line}
     bool UseCompressedClassPointers               = true                           {product lp64_product} {ergonomic}
     bool UseCompressedOops                        = true                           {product lp64_product} {ergonomic}
     bool UseG1GC                                  = true                                      {product} {ergonomic}
     bool UseLargePagesIndividualAllocation        = false                                  {pd product} {ergonomic}

Logging:
Log output configuration:
 #0: stdout all=warning uptime,level,tags
 #1: stderr all=off uptime,level,tags

Environment Variables:
PATH=C:/sts-4.21.1.RELEASE//plugins/org.eclipse.justj.openjdk.hotspot.jre.full.win32.x86_64_17.0.10.v20240120-1143/jre/bin/server;C:/sts-4.21.1.RELEASE//plugins/org.eclipse.justj.openjdk.hotspot.jre.full.win32.x86_64_17.0.10.v20240120-1143/jre/bin;C:\Program Files\Common Files\Oracle\Java\javapath;C:\Program Files (x86)\Intel\iCLS Client\;C:\Program Files\Intel\iCLS Client\;C:\Program Files (x86)\Common Files\Oracle\Java\javapath;C:\ProgramData\Oracle\Java\javapath;C:\Windows\system32;C:\Windows;C:\Windows\System32\Wbem;C:\Windows\System32\WindowsPowerShell\v1.0\;C:\Windows\System32\OpenSSH\;C:\Program Files (x86)\NVIDIA Corporation\PhysX\Common;C:\Program Files (x86)\Intel\Intel(R) Management Engine Components\DAL;C:\Program Files\Intel\Intel(R) Management Engine Components\DAL;C:\Program Files (x86)\Intel\Intel(R) Management Engine Components\IPT;C:\Program Files\Intel\Intel(R) Management Engine Components\IPT;C:\Program Files\NVIDIA Corporation\NVIDIA NvDLISR;C:\WINDOWS\system32;C:\WINDOWS;C:\WINDOWS\System32\Wbem;C:\WINDOWS\System32\WindowsPowerShell\v1.0\;C:\WINDOWS\System32\OpenSSH\;C:\Program Files\Git\cmd;C:\Program Files\dotnet\;C:\Program Files\MongoDB\Server\7.0\bin;C:\Program Files\MySQL\MySQL Shell 8.0\bin\;C:\Users\Hélio Jr\AppData\Local\Programs\Python\Python39\Scripts\;C:\Users\Hélio Jr\AppData\Local\Programs\Python\Python39\;C:\Users\Hélio Jr\AppData\Local\Microsoft\WindowsApps;C:\Users\Hélio Jr\AppData\Local\Programs\Microsoft VS Code\bin;C:\Users\Hélio Jr\AppData\Local\GitHubDesktop\bin;C:\Program Files\heroku\bin;C:\sts-4.21.1.RELEASE;
USERNAME=Hélio Jr
OS=Windows_NT
PROCESSOR_IDENTIFIER=Intel64 Family 6 Model 60 Stepping 3, GenuineIntel
TMP=C:\Users\HLIOJR~1\AppData\Local\Temp
TEMP=C:\Users\HLIOJR~1\AppData\Local\Temp



Periodic native trim disabled


---------------  S Y S T E M  ---------------

OS:
 Windows 10 , 64 bit Build 19041 (10.0.19041.3636)
OS uptime: 0 days 8:39 hours

CPU: total 4 (initial active 4) (4 cores per cpu, 1 threads per core) family 6 model 60 stepping 3 microcode 0x27, cx8, cmov, fxsr, mmx, sse, sse2, sse3, ssse3, sse4.1, sse4.2, popcnt, lzcnt, tsc, tscinvbit, avx, avx2, aes, erms, clmul, bmi1, bmi2, fma, vzeroupper, clflush
Processor Information for all 4 processors :
  Max Mhz: 3101, Current Mhz: 3101, Mhz Limit: 3101

Memory: 4k page, system-wide physical 8088M (1063M free)
TotalPageFile size 8088M (AvailPageFile size 46M)
current process WorkingSet (physical memory assigned to process): 156M, peak: 158M
current process commit charge ("private bytes"): 182M, peak: 236M

vm_info: OpenJDK 64-Bit Server VM (17.0.10+7) for windows-amd64 JRE (17.0.10+7), built on Jan 16 2024 23:25:11 by "admin" with MS VC++ 16.10 / 16.11 (VS2019)

END.
